  [1m[35m (3.9ms)[0m  [1m[35mCREATE DATABASE "tunrapp_api_development" ENCODING = 'unicode'[0m
  [1m[35m (0.5ms)[0m  [1m[35mCREATE DATABASE "tunrapp_api_test" ENCODING = 'unicode'[0m
  [1m[35m (0.1ms)[0m  [1m[34mSELECT pg_try_advisory_lock(2604186123614165685)[0m
  [1m[35m (0.7ms)[0m  [1m[34mSELECT "schema_migrations"."version" FROM "schema_migrations" ORDER BY "schema_migrations"."version" ASC[0m
Migrating to CreateSongs (20210226185943)
  [1m[36mTRANSACTION (0.1ms)[0m  [1m[35mBEGIN[0m
  [1m[35m (11.5ms)[0m  [1m[35mCREATE TABLE "songs" ("id" bigserial primary key, "title" character varying, "author" character varying, "time" character varying, "created_at" timestamp(6) NOT NULL, "updated_at" timestamp(6) NOT NULL)[0m
  [1m[36mActiveRecord::SchemaMigration Create (0.4ms)[0m  [1m[32mINSERT INTO "schema_migrations" ("version") VALUES ($1) RETURNING "version"[0m  [["version", "20210226185943"]]
  [1m[36mTRANSACTION (0.5ms)[0m  [1m[35mCOMMIT[0m
  [1m[36mActiveRecord::InternalMetadata Load (4.0ms)[0m  [1m[34mSELECT "ar_internal_metadata".* FROM "ar_internal_metadata" WHERE "ar_internal_metadata"."key" = $1 LIMIT $2[0m  [["key", "environment"], ["LIMIT", 1]]
  [1m[35m (0.2ms)[0m  [1m[34mSELECT pg_advisory_unlock(2604186123614165685)[0m
  [1m[35m (0.6ms)[0m  [1m[34mSELECT "schema_migrations"."version" FROM "schema_migrations" ORDER BY "schema_migrations"."version" ASC[0m
  [1m[35m (0.7ms)[0m  [1m[34mSELECT "schema_migrations"."version" FROM "schema_migrations" ORDER BY "schema_migrations"."version" ASC[0m
  [1m[36mTRANSACTION (0.1ms)[0m  [1m[35mBEGIN[0m
  [1m[36mSong Create (1.5ms)[0m  [1m[32mINSERT INTO "songs" ("title", "author", "time", "created_at", "updated_at") VALUES ($1, $2, $3, $4, $5) RETURNING "id"[0m  [["title", "Boom"], ["author", "Gucci Mane"], ["time", "3:00"], ["created_at", "2021-02-26 19:06:55.043111"], ["updated_at", "2021-02-26 19:06:55.043111"]]
  [1m[36mTRANSACTION (0.4ms)[0m  [1m[35mCOMMIT[0m
  [1m[36mTRANSACTION (0.0ms)[0m  [1m[35mBEGIN[0m
  [1m[36mSong Create (0.2ms)[0m  [1m[32mINSERT INTO "songs" ("title", "author", "time", "created_at", "updated_at") VALUES ($1, $2, $3, $4, $5) RETURNING "id"[0m  [["title", "Time Travel Kool Aid"], ["author", "Half An Orange"], ["time", "3:10"], ["created_at", "2021-02-26 19:06:55.046861"], ["updated_at", "2021-02-26 19:06:55.046861"]]
  [1m[36mTRANSACTION (0.1ms)[0m  [1m[35mCOMMIT[0m
  [1m[36mTRANSACTION (0.0ms)[0m  [1m[35mBEGIN[0m
  [1m[36mSong Create (0.1ms)[0m  [1m[32mINSERT INTO "songs" ("title", "author", "time", "created_at", "updated_at") VALUES ($1, $2, $3, $4, $5) RETURNING "id"[0m  [["title", "Dragostea Din Tei"], ["author", "O-Zone"], ["time", "2:47"], ["created_at", "2021-02-26 19:06:55.048264"], ["updated_at", "2021-02-26 19:06:55.048264"]]
  [1m[36mTRANSACTION (0.1ms)[0m  [1m[35mCOMMIT[0m
Started GET "/" for ::1 at 2021-02-26 14:08:07 -0500
  [1m[35m (1.6ms)[0m  [1m[34mSELECT "schema_migrations"."version" FROM "schema_migrations" ORDER BY "schema_migrations"."version" ASC[0m
Processing by Rails::WelcomeController#index as HTML
  Rendering /Users/stevenyoung/.rbenv/versions/3.0.0/lib/ruby/gems/3.0.0/gems/railties-6.1.3/lib/rails/templates/rails/welcome/index.html.erb
  Rendered /Users/stevenyoung/.rbenv/versions/3.0.0/lib/ruby/gems/3.0.0/gems/railties-6.1.3/lib/rails/templates/rails/welcome/index.html.erb (Duration: 7.4ms | Allocations: 468)
Completed 200 OK in 18ms (Views: 11.0ms | ActiveRecord: 0.0ms | Allocations: 3962)


